[27-Jan-2016 01:49:09 UTC] PHP Fatal error:  Call to a member function fetch_assoc() on a non-object in /home/ubuntu/workspace/php/display_query.php on line 2
[27-Jan-2016 01:49:09 UTC] PHP Stack trace:
[27-Jan-2016 01:49:09 UTC] PHP   1. {main}() /home/ubuntu/workspace/php/display_query.php:0
[27-Jan-2016 01:49:36 UTC] PHP Fatal error:  Call to a member function fetch_assoc() on a non-object in /home/ubuntu/workspace/php/display_query.php on line 2
[27-Jan-2016 01:49:36 UTC] PHP Stack trace:
[27-Jan-2016 01:49:36 UTC] PHP   1. {main}() /home/ubuntu/workspace/php/display_query.php:0
[27-Jan-2016 01:50:10 UTC] PHP Fatal error:  Call to a member function fetch_assoc() on a non-object in /home/ubuntu/workspace/php/display_query.php on line 2
[27-Jan-2016 01:50:10 UTC] PHP Stack trace:
[27-Jan-2016 01:50:10 UTC] PHP   1. {main}() /home/ubuntu/workspace/php/display_query.php:0
[27-Jan-2016 01:50:43 UTC] PHP Fatal error:  Call to a member function fetch_assoc() on a non-object in /home/ubuntu/workspace/php/display_query.php on line 2
[27-Jan-2016 01:50:43 UTC] PHP Stack trace:
[27-Jan-2016 01:50:43 UTC] PHP   1. {main}() /home/ubuntu/workspace/php/display_query.php:0
[27-Jan-2016 01:51:53 UTC] PHP Fatal error:  Call to a member function fetch_assoc() on a non-object in /home/ubuntu/workspace/php/display_query.php on line 2
[27-Jan-2016 01:51:53 UTC] PHP Stack trace:
[27-Jan-2016 01:51:53 UTC] PHP   1. {main}() /home/ubuntu/workspace/php/display_query.php:0
[29-Jan-2016 02:15:50 UTC] PHP Warning:  require(php/connect.php): failed to open stream: No such file or directory in /home/ubuntu/workspace/php/submit.php on line 2
[29-Jan-2016 02:15:50 UTC] PHP Stack trace:
[29-Jan-2016 02:15:50 UTC] PHP   1. {main}() /home/ubuntu/workspace/php/submit.php:0
[29-Jan-2016 02:15:50 UTC] PHP Fatal error:  require(): Failed opening required 'php/connect.php' (include_path='.:/usr/share/php:/usr/share/pear') in /home/ubuntu/workspace/php/submit.php on line 2
[29-Jan-2016 02:15:50 UTC] PHP Stack trace:
[29-Jan-2016 02:15:50 UTC] PHP   1. {main}() /home/ubuntu/workspace/php/submit.php:0
[29-Jan-2016 02:37:36 UTC] PHP Warning:  mysqli_query() expects parameter 1 to be mysqli, null given in /home/ubuntu/workspace/php/submit.php on line 6
[29-Jan-2016 02:37:36 UTC] PHP Stack trace:
[29-Jan-2016 02:37:36 UTC] PHP   1. {main}() /home/ubuntu/workspace/php/submit.php:0
[29-Jan-2016 02:37:36 UTC] PHP   2. mysqli_query() /home/ubuntu/workspace/php/submit.php:6
[29-Jan-2016 02:39:02 UTC] PHP Warning:  require(php/connect): failed to open stream: No such file or directory in /home/ubuntu/workspace/php/submit.php on line 2
[29-Jan-2016 02:39:02 UTC] PHP Stack trace:
[29-Jan-2016 02:39:02 UTC] PHP   1. {main}() /home/ubuntu/workspace/php/submit.php:0
[29-Jan-2016 02:39:02 UTC] PHP Fatal error:  require(): Failed opening required 'php/connect' (include_path='.:/usr/share/php:/usr/share/pear') in /home/ubuntu/workspace/php/submit.php on line 2
[29-Jan-2016 02:39:02 UTC] PHP Stack trace:
[29-Jan-2016 02:39:02 UTC] PHP   1. {main}() /home/ubuntu/workspace/php/submit.php:0
[29-Jan-2016 02:39:13 UTC] PHP Warning:  require(php/connect): failed to open stream: No such file or directory in /home/ubuntu/workspace/php/submit.php on line 2
[29-Jan-2016 02:39:13 UTC] PHP Stack trace:
[29-Jan-2016 02:39:13 UTC] PHP   1. {main}() /home/ubuntu/workspace/php/submit.php:0
[29-Jan-2016 02:39:13 UTC] PHP Fatal error:  require(): Failed opening required 'php/connect' (include_path='.:/usr/share/php:/usr/share/pear') in /home/ubuntu/workspace/php/submit.php on line 2
[29-Jan-2016 02:39:13 UTC] PHP Stack trace:
[29-Jan-2016 02:39:13 UTC] PHP   1. {main}() /home/ubuntu/workspace/php/submit.php:0
[29-Jan-2016 02:40:14 UTC] PHP Warning:  require(php/connect.php): failed to open stream: No such file or directory in /home/ubuntu/workspace/php/submit.php on line 2
[29-Jan-2016 02:40:14 UTC] PHP Stack trace:
[29-Jan-2016 02:40:14 UTC] PHP   1. {main}() /home/ubuntu/workspace/php/submit.php:0
[29-Jan-2016 02:40:14 UTC] PHP Fatal error:  require(): Failed opening required 'php/connect.php' (include_path='.:/usr/share/php:/usr/share/pear') in /home/ubuntu/workspace/php/submit.php on line 2
[29-Jan-2016 02:40:14 UTC] PHP Stack trace:
[29-Jan-2016 02:40:14 UTC] PHP   1. {main}() /home/ubuntu/workspace/php/submit.php:0
[29-Jan-2016 02:41:18 UTC] PHP Warning:  require(php/connect.php): failed to open stream: No such file or directory in /home/ubuntu/workspace/php/submit.php on line 2
[29-Jan-2016 02:41:18 UTC] PHP Stack trace:
[29-Jan-2016 02:41:18 UTC] PHP   1. {main}() /home/ubuntu/workspace/php/submit.php:0
[29-Jan-2016 02:41:18 UTC] PHP Fatal error:  require(): Failed opening required 'php/connect.php' (include_path='.:/usr/share/php:/usr/share/pear') in /home/ubuntu/workspace/php/submit.php on line 2
[29-Jan-2016 02:41:18 UTC] PHP Stack trace:
[29-Jan-2016 02:41:18 UTC] PHP   1. {main}() /home/ubuntu/workspace/php/submit.php:0
[01-Feb-2016 02:34:50 UTC] PHP Parse error:  syntax error, unexpected 'mysqli_query' (T_STRING) in /home/ubuntu/workspace/ajax/name.php on line 6
[01-Feb-2016 02:36:44 UTC] PHP Parse error:  syntax error, unexpected '$result' (T_VARIABLE) in /home/ubuntu/workspace/ajax/name.php on line 6
[01-Feb-2016 02:37:17 UTC] PHP Warning:  require(connect.php): failed to open stream: No such file or directory in /home/ubuntu/workspace/ajax/name.php on line 2
[01-Feb-2016 02:37:17 UTC] PHP Stack trace:
[01-Feb-2016 02:37:17 UTC] PHP   1. {main}() /home/ubuntu/workspace/ajax/name.php:0
[01-Feb-2016 02:37:17 UTC] PHP Fatal error:  require(): Failed opening required 'connect.php' (include_path='.:/usr/share/php:/usr/share/pear') in /home/ubuntu/workspace/ajax/name.php on line 2
[01-Feb-2016 02:37:17 UTC] PHP Stack trace:
[01-Feb-2016 02:37:17 UTC] PHP   1. {main}() /home/ubuntu/workspace/ajax/name.php:0
[01-Feb-2016 02:49:46 UTC] PHP Warning:  mysqli_query(): Empty query in /home/ubuntu/workspace/ajax/name.php on line 6
[01-Feb-2016 02:49:46 UTC] PHP Stack trace:
[01-Feb-2016 02:49:46 UTC] PHP   1. {main}() /home/ubuntu/workspace/ajax/name.php:0
[01-Feb-2016 02:49:46 UTC] PHP   2. mysqli_query() /home/ubuntu/workspace/ajax/name.php:6
[01-Feb-2016 02:49:46 UTC] PHP Warning:  mysql_result() expects at least 2 parameters, 1 given in /home/ubuntu/workspace/ajax/name.php on line 8
[01-Feb-2016 02:49:46 UTC] PHP Stack trace:
[01-Feb-2016 02:49:46 UTC] PHP   1. {main}() /home/ubuntu/workspace/ajax/name.php:0
[01-Feb-2016 02:49:46 UTC] PHP   2. mysql_result() /home/ubuntu/workspace/ajax/name.php:8
[01-Feb-2016 02:50:38 UTC] PHP Warning:  mysqli_query(): Empty query in /home/ubuntu/workspace/ajax/name.php on line 6
[01-Feb-2016 02:50:38 UTC] PHP Stack trace:
[01-Feb-2016 02:50:38 UTC] PHP   1. {main}() /home/ubuntu/workspace/ajax/name.php:0
[01-Feb-2016 02:50:38 UTC] PHP   2. mysqli_query() /home/ubuntu/workspace/ajax/name.php:6
[01-Feb-2016 02:50:38 UTC] PHP Warning:  mysql_result() expects parameter 1 to be resource, boolean given in /home/ubuntu/workspace/ajax/name.php on line 8
[01-Feb-2016 02:50:38 UTC] PHP Stack trace:
[01-Feb-2016 02:50:38 UTC] PHP   1. {main}() /home/ubuntu/workspace/ajax/name.php:0
[01-Feb-2016 02:50:38 UTC] PHP   2. mysql_result() /home/ubuntu/workspace/ajax/name.php:8
[01-Feb-2016 02:51:27 UTC] PHP Warning:  mysql_result() expects parameter 1 to be resource, boolean given in /home/ubuntu/workspace/ajax/name.php on line 8
[01-Feb-2016 02:51:27 UTC] PHP Stack trace:
[01-Feb-2016 02:51:27 UTC] PHP   1. {main}() /home/ubuntu/workspace/ajax/name.php:0
[01-Feb-2016 02:51:27 UTC] PHP   2. mysql_result() /home/ubuntu/workspace/ajax/name.php:8
[01-Feb-2016 02:57:23 UTC] PHP Warning:  mysqli_num_rows() expects parameter 1 to be mysqli_result, boolean given in /home/ubuntu/workspace/ajax/name.php on line 9
[01-Feb-2016 02:57:23 UTC] PHP Stack trace:
[01-Feb-2016 02:57:23 UTC] PHP   1. {main}() /home/ubuntu/workspace/ajax/name.php:0
[01-Feb-2016 02:57:23 UTC] PHP   2. mysqli_result() /home/ubuntu/workspace/ajax/name.php:20
[01-Feb-2016 02:57:23 UTC] PHP   3. mysqli_num_rows() /home/ubuntu/workspace/ajax/name.php:9
[01-Feb-2016 03:00:20 UTC] PHP Warning:  mysqli_num_rows() expects parameter 1 to be mysqli_result, boolean given in /home/ubuntu/workspace/ajax/name.php on line 9
[01-Feb-2016 03:00:20 UTC] PHP Stack trace:
[01-Feb-2016 03:00:20 UTC] PHP   1. {main}() /home/ubuntu/workspace/ajax/name.php:0
[01-Feb-2016 03:00:20 UTC] PHP   2. mysqli_result() /home/ubuntu/workspace/ajax/name.php:20
[01-Feb-2016 03:00:20 UTC] PHP   3. mysqli_num_rows() /home/ubuntu/workspace/ajax/name.php:9
[01-Feb-2016 03:01:32 UTC] PHP Warning:  mysqli_num_rows() expects parameter 1 to be mysqli_result, boolean given in /home/ubuntu/workspace/ajax/name.php on line 9
[01-Feb-2016 03:01:32 UTC] PHP Stack trace:
[01-Feb-2016 03:01:32 UTC] PHP   1. {main}() /home/ubuntu/workspace/ajax/name.php:0
[01-Feb-2016 03:01:32 UTC] PHP   2. mysqli_result() /home/ubuntu/workspace/ajax/name.php:20
[01-Feb-2016 03:01:32 UTC] PHP   3. mysqli_num_rows() /home/ubuntu/workspace/ajax/name.php:9
[01-Feb-2016 03:02:51 UTC] PHP Warning:  mysqli_num_rows() expects parameter 1 to be mysqli_result, boolean given in /home/ubuntu/workspace/ajax/name.php on line 3
[01-Feb-2016 03:02:51 UTC] PHP Stack trace:
[01-Feb-2016 03:02:51 UTC] PHP   1. {main}() /home/ubuntu/workspace/ajax/name.php:0
[01-Feb-2016 03:02:51 UTC] PHP   2. mysqli_result() /home/ubuntu/workspace/ajax/name.php:20
[01-Feb-2016 03:02:51 UTC] PHP   3. mysqli_num_rows() /home/ubuntu/workspace/ajax/name.php:3
[01-Feb-2016 03:06:14 UTC] PHP Warning:  mysqli_num_rows() expects parameter 1 to be mysqli_result, boolean given in /home/ubuntu/workspace/ajax/name.php on line 3
[01-Feb-2016 03:06:14 UTC] PHP Stack trace:
[01-Feb-2016 03:06:14 UTC] PHP   1. {main}() /home/ubuntu/workspace/ajax/name.php:0
[01-Feb-2016 03:06:14 UTC] PHP   2. mysqli_result() /home/ubuntu/workspace/ajax/name.php:20
[01-Feb-2016 03:06:14 UTC] PHP   3. mysqli_num_rows() /home/ubuntu/workspace/ajax/name.php:3
[01-Feb-2016 03:10:18 UTC] PHP Warning:  mysqli_num_rows() expects parameter 1 to be mysqli_result, boolean given in /home/ubuntu/workspace/ajax/name.php on line 3
[01-Feb-2016 03:10:18 UTC] PHP Stack trace:
[01-Feb-2016 03:10:18 UTC] PHP   1. {main}() /home/ubuntu/workspace/ajax/name.php:0
[01-Feb-2016 03:10:18 UTC] PHP   2. mysqli_result() /home/ubuntu/workspace/ajax/name.php:20
[01-Feb-2016 03:10:18 UTC] PHP   3. mysqli_num_rows() /home/ubuntu/workspace/ajax/name.php:3
[01-Feb-2016 03:17:11 UTC] PHP Fatal error:  Call to a member function fetch_assoc() on a non-object in /home/ubuntu/workspace/ajax/name.php on line 20
[01-Feb-2016 03:17:11 UTC] PHP Stack trace:
[01-Feb-2016 03:17:11 UTC] PHP   1. {main}() /home/ubuntu/workspace/ajax/name.php:0
[01-Feb-2016 03:19:50 UTC] PHP Warning:  printf(): Too few arguments in /home/ubuntu/workspace/ajax/name.php on line 21
[01-Feb-2016 03:19:50 UTC] PHP Stack trace:
[01-Feb-2016 03:19:50 UTC] PHP   1. {main}() /home/ubuntu/workspace/ajax/name.php:0
[01-Feb-2016 03:19:50 UTC] PHP   2. printf() /home/ubuntu/workspace/ajax/name.php:21
[01-Feb-2016 03:21:55 UTC] PHP Warning:  mysqli_fetch_assoc() expects parameter 1 to be mysqli_result, boolean given in /home/ubuntu/workspace/ajax/name.php on line 20
[01-Feb-2016 03:21:55 UTC] PHP Stack trace:
[01-Feb-2016 03:21:55 UTC] PHP   1. {main}() /home/ubuntu/workspace/ajax/name.php:0
[01-Feb-2016 03:21:55 UTC] PHP   2. mysqli_fetch_assoc() /home/ubuntu/workspace/ajax/name.php:20
[01-Feb-2016 03:26:31 UTC] PHP Warning:  mysqli_fetch_assoc() expects parameter 1 to be mysqli_result, boolean given in /home/ubuntu/workspace/ajax/name.php on line 10
[01-Feb-2016 03:26:31 UTC] PHP Stack trace:
[01-Feb-2016 03:26:31 UTC] PHP   1. {main}() /home/ubuntu/workspace/ajax/name.php:0
[01-Feb-2016 03:26:31 UTC] PHP   2. mysqli_fetch_assoc() /home/ubuntu/workspace/ajax/name.php:10
[01-Feb-2016 03:28:15 UTC] PHP Parse error:  syntax error, unexpected '' (T_ENCAPSED_AND_WHITESPACE), expecting identifier (T_STRING) or variable (T_VARIABLE) or number (T_NUM_STRING) in /home/ubuntu/workspace/ajax/name.php on line 6
[01-Feb-2016 03:28:48 UTC] PHP Parse error:  syntax error, unexpected '' (T_ENCAPSED_AND_WHITESPACE), expecting identifier (T_STRING) or variable (T_VARIABLE) or number (T_NUM_STRING) in /home/ubuntu/workspace/ajax/name.php on line 6
[01-Feb-2016 03:28:49 UTC] PHP Parse error:  syntax error, unexpected '' (T_ENCAPSED_AND_WHITESPACE), expecting identifier (T_STRING) or variable (T_VARIABLE) or number (T_NUM_STRING) in /home/ubuntu/workspace/ajax/name.php on line 6
[01-Feb-2016 03:28:54 UTC] PHP Parse error:  syntax error, unexpected '' (T_ENCAPSED_AND_WHITESPACE), expecting identifier (T_STRING) or variable (T_VARIABLE) or number (T_NUM_STRING) in /home/ubuntu/workspace/ajax/name.php on line 6
[01-Feb-2016 03:30:01 UTC] PHP Parse error:  syntax error, unexpected '$_POST' (T_VARIABLE) in /home/ubuntu/workspace/ajax/name.php on line 6
[01-Feb-2016 03:30:34 UTC] PHP Parse error:  syntax error, unexpected '$_POST' (T_VARIABLE) in /home/ubuntu/workspace/ajax/name.php on line 6
[01-Feb-2016 03:31:54 UTC] PHP Parse error:  syntax error, unexpected '$_POST' (T_VARIABLE) in /home/ubuntu/workspace/ajax/name.php on line 6
[01-Feb-2016 03:31:55 UTC] PHP Parse error:  syntax error, unexpected '$_POST' (T_VARIABLE) in /home/ubuntu/workspace/ajax/name.php on line 6
[01-Feb-2016 03:32:30 UTC] PHP Parse error:  syntax error, unexpected 'Jim' (T_STRING) in /home/ubuntu/workspace/ajax/name.php on line 6
[01-Feb-2016 03:32:53 UTC] PHP Parse error:  syntax error, unexpected 'Jim' (T_STRING) in /home/ubuntu/workspace/ajax/name.php on line 6
[01-Feb-2016 03:33:50 UTC] PHP Parse error:  syntax error, unexpected '' (T_ENCAPSED_AND_WHITESPACE), expecting identifier (T_STRING) or variable (T_VARIABLE) or number (T_NUM_STRING) in /home/ubuntu/workspace/ajax/name.php on line 6
[01-Feb-2016 03:34:07 UTC] PHP Parse error:  syntax error, unexpected '' (T_ENCAPSED_AND_WHITESPACE), expecting identifier (T_STRING) or variable (T_VARIABLE) or number (T_NUM_STRING) in /home/ubuntu/workspace/ajax/name.php on line 6
[01-Feb-2016 03:34:09 UTC] PHP Parse error:  syntax error, unexpected '' (T_ENCAPSED_AND_WHITESPACE), expecting identifier (T_STRING) or variable (T_VARIABLE) or number (T_NUM_STRING) in /home/ubuntu/workspace/ajax/name.php on line 6
[01-Feb-2016 03:34:10 UTC] PHP Parse error:  syntax error, unexpected '' (T_ENCAPSED_AND_WHITESPACE), expecting identifier (T_STRING) or variable (T_VARIABLE) or number (T_NUM_STRING) in /home/ubuntu/workspace/ajax/name.php on line 6
[01-Feb-2016 03:34:10 UTC] PHP Parse error:  syntax error, unexpected '' (T_ENCAPSED_AND_WHITESPACE), expecting identifier (T_STRING) or variable (T_VARIABLE) or number (T_NUM_STRING) in /home/ubuntu/workspace/ajax/name.php on line 6
[01-Feb-2016 03:34:10 UTC] PHP Parse error:  syntax error, unexpected '' (T_ENCAPSED_AND_WHITESPACE), expecting identifier (T_STRING) or variable (T_VARIABLE) or number (T_NUM_STRING) in /home/ubuntu/workspace/ajax/name.php on line 6
[01-Feb-2016 03:38:28 UTC] PHP Fatal error:  Call to a member function prepare() on a non-object in /home/ubuntu/workspace/ajax/name.php on line 7
[01-Feb-2016 03:38:28 UTC] PHP Stack trace:
[01-Feb-2016 03:38:28 UTC] PHP   1. {main}() /home/ubuntu/workspace/ajax/name.php:0
[01-Feb-2016 03:42:25 UTC] PHP Parse error:  syntax error, unexpected '' (T_ENCAPSED_AND_WHITESPACE), expecting identifier (T_STRING) or variable (T_VARIABLE) or number (T_NUM_STRING) in /home/ubuntu/workspace/ajax/name.php on line 7
[01-Feb-2016 03:42:28 UTC] PHP Parse error:  syntax error, unexpected '' (T_ENCAPSED_AND_WHITESPACE), expecting identifier (T_STRING) or variable (T_VARIABLE) or number (T_NUM_STRING) in /home/ubuntu/workspace/ajax/name.php on line 7
[01-Feb-2016 03:45:23 UTC] PHP Parse error:  syntax error, unexpected '' (T_ENCAPSED_AND_WHITESPACE), expecting identifier (T_STRING) or variable (T_VARIABLE) or number (T_NUM_STRING) in /home/ubuntu/workspace/ajax/name.php on line 7
[01-Feb-2016 03:45:45 UTC] PHP Parse error:  syntax error, unexpected '' (T_ENCAPSED_AND_WHITESPACE), expecting identifier (T_STRING) or variable (T_VARIABLE) or number (T_NUM_STRING) in /home/ubuntu/workspace/ajax/name.php on line 7
[01-Feb-2016 03:45:46 UTC] PHP Parse error:  syntax error, unexpected '' (T_ENCAPSED_AND_WHITESPACE), expecting identifier (T_STRING) or variable (T_VARIABLE) or number (T_NUM_STRING) in /home/ubuntu/workspace/ajax/name.php on line 7
[01-Feb-2016 03:45:46 UTC] PHP Parse error:  syntax error, unexpected '' (T_ENCAPSED_AND_WHITESPACE), expecting identifier (T_STRING) or variable (T_VARIABLE) or number (T_NUM_STRING) in /home/ubuntu/workspace/ajax/name.php on line 7
[01-Feb-2016 03:45:46 UTC] PHP Parse error:  syntax error, unexpected '' (T_ENCAPSED_AND_WHITESPACE), expecting identifier (T_STRING) or variable (T_VARIABLE) or number (T_NUM_STRING) in /home/ubuntu/workspace/ajax/name.php on line 7
[01-Feb-2016 03:49:08 UTC] PHP Warning:  mysqli_real_escape_string() expects exactly 2 parameters, 1 given in /home/ubuntu/workspace/ajax/name.php on line 6
[01-Feb-2016 03:49:08 UTC] PHP Stack trace:
[01-Feb-2016 03:49:08 UTC] PHP   1. {main}() /home/ubuntu/workspace/ajax/name.php:0
[01-Feb-2016 03:49:08 UTC] PHP   2. mysqli_real_escape_string() /home/ubuntu/workspace/ajax/name.php:6
[01-Feb-2016 03:49:08 UTC] PHP Warning:  mysqli_fetch_assoc() expects parameter 1 to be mysqli_result, boolean given in /home/ubuntu/workspace/ajax/name.php on line 12
[01-Feb-2016 03:49:08 UTC] PHP Stack trace:
[01-Feb-2016 03:49:08 UTC] PHP   1. {main}() /home/ubuntu/workspace/ajax/name.php:0
[01-Feb-2016 03:49:08 UTC] PHP   2. mysqli_fetch_assoc() /home/ubuntu/workspace/ajax/name.php:12
[01-Feb-2016 03:50:38 UTC] PHP Warning:  mysqli_real_escape_string() expects exactly 2 parameters, 1 given in /home/ubuntu/workspace/ajax/name.php on line 6
[01-Feb-2016 03:50:38 UTC] PHP Stack trace:
[01-Feb-2016 03:50:38 UTC] PHP   1. {main}() /home/ubuntu/workspace/ajax/name.php:0
[01-Feb-2016 03:50:38 UTC] PHP   2. mysqli_real_escape_string() /home/ubuntu/workspace/ajax/name.php:6
[01-Feb-2016 03:50:55 UTC] PHP Warning:  mysqli_real_escape_string() expects exactly 2 parameters, 1 given in /home/ubuntu/workspace/ajax/name.php on line 6
[01-Feb-2016 03:50:55 UTC] PHP Stack trace:
[01-Feb-2016 03:50:55 UTC] PHP   1. {main}() /home/ubuntu/workspace/ajax/name.php:0
[01-Feb-2016 03:50:55 UTC] PHP   2. mysqli_real_escape_string() /home/ubuntu/workspace/ajax/name.php:6
[01-Feb-2016 03:52:09 UTC] PHP Warning:  mysqli_real_escape_string() expects exactly 2 parameters, 1 given in /home/ubuntu/workspace/ajax/name.php on line 6
[01-Feb-2016 03:52:09 UTC] PHP Stack trace:
[01-Feb-2016 03:52:09 UTC] PHP   1. {main}() /home/ubuntu/workspace/ajax/name.php:0
[01-Feb-2016 03:52:09 UTC] PHP   2. mysqli_real_escape_string() /home/ubuntu/workspace/ajax/name.php:6
[01-Feb-2016 03:52:10 UTC] PHP Warning:  mysqli_real_escape_string() expects exactly 2 parameters, 1 given in /home/ubuntu/workspace/ajax/name.php on line 6
[01-Feb-2016 03:52:10 UTC] PHP Stack trace:
[01-Feb-2016 03:52:10 UTC] PHP   1. {main}() /home/ubuntu/workspace/ajax/name.php:0
[01-Feb-2016 03:52:10 UTC] PHP   2. mysqli_real_escape_string() /home/ubuntu/workspace/ajax/name.php:6
[01-Feb-2016 03:52:12 UTC] PHP Warning:  mysqli_real_escape_string() expects exactly 2 parameters, 1 given in /home/ubuntu/workspace/ajax/name.php on line 6
[01-Feb-2016 03:52:12 UTC] PHP Stack trace:
[01-Feb-2016 03:52:12 UTC] PHP   1. {main}() /home/ubuntu/workspace/ajax/name.php:0
[01-Feb-2016 03:52:12 UTC] PHP   2. mysqli_real_escape_string() /home/ubuntu/workspace/ajax/name.php:6
[01-Feb-2016 03:52:12 UTC] PHP Warning:  mysqli_real_escape_string() expects exactly 2 parameters, 1 given in /home/ubuntu/workspace/ajax/name.php on line 6
[01-Feb-2016 03:52:12 UTC] PHP Stack trace:
[01-Feb-2016 03:52:12 UTC] PHP   1. {main}() /home/ubuntu/workspace/ajax/name.php:0
[01-Feb-2016 03:52:12 UTC] PHP   2. mysqli_real_escape_string() /home/ubuntu/workspace/ajax/name.php:6
[01-Feb-2016 03:52:26 UTC] PHP Warning:  mysqli_real_escape_string() expects exactly 2 parameters, 1 given in /home/ubuntu/workspace/ajax/name.php on line 6
[01-Feb-2016 03:52:26 UTC] PHP Stack trace:
[01-Feb-2016 03:52:26 UTC] PHP   1. {main}() /home/ubuntu/workspace/ajax/name.php:0
[01-Feb-2016 03:52:26 UTC] PHP   2. mysqli_real_escape_string() /home/ubuntu/workspace/ajax/name.php:6
[01-Feb-2016 03:52:26 UTC] PHP Warning:  mysqli_fetch_assoc() expects parameter 1 to be mysqli_result, boolean given in /home/ubuntu/workspace/ajax/name.php on line 12
[01-Feb-2016 03:52:26 UTC] PHP Stack trace:
[01-Feb-2016 03:52:26 UTC] PHP   1. {main}() /home/ubuntu/workspace/ajax/name.php:0
[01-Feb-2016 03:52:26 UTC] PHP   2. mysqli_fetch_assoc() /home/ubuntu/workspace/ajax/name.php:12
[01-Feb-2016 03:52:37 UTC] PHP Warning:  mysqli_real_escape_string() expects exactly 2 parameters, 1 given in /home/ubuntu/workspace/ajax/name.php on line 6
[01-Feb-2016 03:52:37 UTC] PHP Stack trace:
[01-Feb-2016 03:52:37 UTC] PHP   1. {main}() /home/ubuntu/workspace/ajax/name.php:0
[01-Feb-2016 03:52:37 UTC] PHP   2. mysqli_real_escape_string() /home/ubuntu/workspace/ajax/name.php:6
[02-Feb-2016 02:44:34 UTC] PHP Warning:  mysqli_fetch_assoc() expects parameter 1 to be mysqli_result, boolean given in /home/ubuntu/workspace/ajax/name.php on line 12
[02-Feb-2016 02:44:34 UTC] PHP Stack trace:
[02-Feb-2016 02:44:34 UTC] PHP   1. {main}() /home/ubuntu/workspace/ajax/name.php:0
[02-Feb-2016 02:44:34 UTC] PHP   2. mysqli_fetch_assoc(*uninitialized*) /home/ubuntu/workspace/ajax/name.php:12
[02-Feb-2016 02:45:28 UTC] PHP Warning:  mysqli_fetch_assoc() expects exactly 1 parameter, 2 given in /home/ubuntu/workspace/ajax/name.php on line 12
[02-Feb-2016 02:45:28 UTC] PHP Stack trace:
[02-Feb-2016 02:45:28 UTC] PHP   1. {main}() /home/ubuntu/workspace/ajax/name.php:0
[02-Feb-2016 02:45:28 UTC] PHP   2. mysqli_fetch_assoc(*uninitialized*, *uninitialized*) /home/ubuntu/workspace/ajax/name.php:12
[02-Feb-2016 02:45:29 UTC] PHP Warning:  mysqli_fetch_assoc() expects exactly 1 parameter, 2 given in /home/ubuntu/workspace/ajax/name.php on line 12
[02-Feb-2016 02:45:29 UTC] PHP Stack trace:
[02-Feb-2016 02:45:29 UTC] PHP   1. {main}() /home/ubuntu/workspace/ajax/name.php:0
[02-Feb-2016 02:45:29 UTC] PHP   2. mysqli_fetch_assoc(*uninitialized*, *uninitialized*) /home/ubuntu/workspace/ajax/name.php:12
[02-Feb-2016 02:46:27 UTC] PHP Warning:  mysqli_fetch_assoc() expects parameter 1 to be mysqli_result, boolean given in /home/ubuntu/workspace/ajax/name.php on line 12
[02-Feb-2016 02:46:27 UTC] PHP Stack trace:
[02-Feb-2016 02:46:27 UTC] PHP   1. {main}() /home/ubuntu/workspace/ajax/name.php:0
[02-Feb-2016 02:46:27 UTC] PHP   2. mysqli_fetch_assoc(*uninitialized*) /home/ubuntu/workspace/ajax/name.php:12
[02-Feb-2016 02:49:12 UTC] PHP Warning:  mysqli_fetch_assoc() expects parameter 1 to be mysqli_result, boolean given in /home/ubuntu/workspace/ajax/name.php on line 12
[02-Feb-2016 02:49:12 UTC] PHP Stack trace:
[02-Feb-2016 02:49:12 UTC] PHP   1. {main}() /home/ubuntu/workspace/ajax/name.php:0
[02-Feb-2016 02:49:12 UTC] PHP   2. mysqli_fetch_assoc(*uninitialized*) /home/ubuntu/workspace/ajax/name.php:12
[02-Feb-2016 02:49:13 UTC] PHP Warning:  mysqli_fetch_assoc() expects parameter 1 to be mysqli_result, boolean given in /home/ubuntu/workspace/ajax/name.php on line 12
[02-Feb-2016 02:49:13 UTC] PHP Stack trace:
[02-Feb-2016 02:49:13 UTC] PHP   1. {main}() /home/ubuntu/workspace/ajax/name.php:0
[02-Feb-2016 02:49:13 UTC] PHP   2. mysqli_fetch_assoc(*uninitialized*) /home/ubuntu/workspace/ajax/name.php:12
[02-Feb-2016 02:51:21 UTC] PHP Warning:  mysqli_fetch_assoc() expects parameter 1 to be mysqli_result, boolean given in /home/ubuntu/workspace/ajax/name.php on line 12
[02-Feb-2016 02:51:21 UTC] PHP Stack trace:
[02-Feb-2016 02:51:21 UTC] PHP   1. {main}() /home/ubuntu/workspace/ajax/name.php:0
[02-Feb-2016 02:51:21 UTC] PHP   2. mysqli_fetch_assoc(*uninitialized*) /home/ubuntu/workspace/ajax/name.php:12
[02-Feb-2016 02:51:23 UTC] PHP Warning:  mysqli_fetch_assoc() expects parameter 1 to be mysqli_result, boolean given in /home/ubuntu/workspace/ajax/name.php on line 12
[02-Feb-2016 02:51:23 UTC] PHP Stack trace:
[02-Feb-2016 02:51:23 UTC] PHP   1. {main}() /home/ubuntu/workspace/ajax/name.php:0
[02-Feb-2016 02:51:23 UTC] PHP   2. mysqli_fetch_assoc() /home/ubuntu/workspace/ajax/name.php:12
[02-Feb-2016 02:52:02 UTC] PHP Warning:  mysqli_fetch_assoc() expects parameter 1 to be mysqli_result, boolean given in /home/ubuntu/workspace/ajax/name.php on line 12
[02-Feb-2016 02:52:02 UTC] PHP Stack trace:
[02-Feb-2016 02:52:02 UTC] PHP   1. {main}() /home/ubuntu/workspace/ajax/name.php:0
[02-Feb-2016 02:52:02 UTC] PHP   2. mysqli_fetch_assoc(*uninitialized*) /home/ubuntu/workspace/ajax/name.php:12
[02-Feb-2016 02:52:42 UTC] PHP Warning:  mysqli_fetch_assoc() expects parameter 1 to be mysqli_result, boolean given in /home/ubuntu/workspace/ajax/name.php on line 12
[02-Feb-2016 02:52:42 UTC] PHP Stack trace:
[02-Feb-2016 02:52:42 UTC] PHP   1. {main}() /home/ubuntu/workspace/ajax/name.php:0
[02-Feb-2016 02:52:42 UTC] PHP   2. mysqli_fetch_assoc(*uninitialized*) /home/ubuntu/workspace/ajax/name.php:12
[02-Feb-2016 02:52:43 UTC] PHP Warning:  mysqli_fetch_assoc() expects parameter 1 to be mysqli_result, boolean given in /home/ubuntu/workspace/ajax/name.php on line 12
[02-Feb-2016 02:52:43 UTC] PHP Stack trace:
[02-Feb-2016 02:52:43 UTC] PHP   1. {main}() /home/ubuntu/workspace/ajax/name.php:0
[02-Feb-2016 02:52:43 UTC] PHP   2. mysqli_fetch_assoc(*uninitialized*) /home/ubuntu/workspace/ajax/name.php:12
[02-Feb-2016 02:53:06 UTC] PHP Warning:  mysqli_real_escape_string() expects exactly 2 parameters, 1 given in /home/ubuntu/workspace/ajax/name.php on line 6
[02-Feb-2016 02:53:06 UTC] PHP Stack trace:
[02-Feb-2016 02:53:06 UTC] PHP   1. {main}() /home/ubuntu/workspace/ajax/name.php:0
[02-Feb-2016 02:53:06 UTC] PHP   2. mysqli_real_escape_string(*uninitialized*) /home/ubuntu/workspace/ajax/name.php:6
[02-Feb-2016 02:53:06 UTC] PHP Warning:  mysqli_fetch_assoc() expects parameter 1 to be mysqli_result, boolean given in /home/ubuntu/workspace/ajax/name.php on line 12
[02-Feb-2016 02:53:06 UTC] PHP Stack trace:
[02-Feb-2016 02:53:06 UTC] PHP   1. {main}() /home/ubuntu/workspace/ajax/name.php:0
[02-Feb-2016 02:53:06 UTC] PHP   2. mysqli_fetch_assoc(*uninitialized*) /home/ubuntu/workspace/ajax/name.php:12
[02-Feb-2016 02:57:46 UTC] PHP Parse error:  syntax error, unexpected 'echo' (T_ECHO) in /home/ubuntu/workspace/ajax/name.php on line 6
[02-Feb-2016 02:57:47 UTC] PHP Parse error:  syntax error, unexpected 'echo' (T_ECHO) in /home/ubuntu/workspace/ajax/name.php on line 6
[02-Feb-2016 04:48:47 UTC] PHP Fatal error:  Function name must be a string in /home/ubuntu/workspace/ajax/name.php on line 15
[02-Feb-2016 04:48:47 UTC] PHP Stack trace:
[02-Feb-2016 04:48:47 UTC] PHP   1. {main}() /home/ubuntu/workspace/ajax/name.php:0
[02-Feb-2016 04:48:48 UTC] PHP Fatal error:  Function name must be a string in /home/ubuntu/workspace/ajax/name.php on line 15
[02-Feb-2016 04:48:48 UTC] PHP Stack trace:
[02-Feb-2016 04:48:48 UTC] PHP   1. {main}() /home/ubuntu/workspace/ajax/name.php:0
[02-Feb-2016 04:48:48 UTC] PHP Fatal error:  Function name must be a string in /home/ubuntu/workspace/ajax/name.php on line 15
[02-Feb-2016 04:48:48 UTC] PHP Stack trace:
[02-Feb-2016 04:48:48 UTC] PHP   1. {main}() /home/ubuntu/workspace/ajax/name.php:0
